<?xml version="1.0" encoding="UTF-8"?>
<!-- Generated by org.testng.reporters.JUnitReportReporter -->
<testsuite skipped="0" hostname="DESKTOP-UL7HF35" name="com.project.testcases.AddCustomerTest" tests="1" failures="0" timestamp="2020-09-14T19:30:06 CDT" time="15.898" errors="0">
  <testcase name="addCustomerTest" time="15.898" classname="com.project.testcases.AddCustomerTest"/>
  <system-out>
Customer added succesfully  </system-out>
</testsuite> <!-- com.project.testcases.AddCustomerTest -->
