<?xml version="1.0" encoding="UTF-8"?>
<!-- Generated by org.testng.reporters.JUnitReportReporter -->
<testsuite skipped="0" hostname="DESKTOP-UL7HF35" name="com.project.testcases.BankManagerLoginTest" tests="1" failures="0" timestamp="2020-09-16T13:11:52 CDT" time="3.092" errors="0">
  <testcase name="loginAsBankManager" time="3.092" classname="com.project.testcases.BankManagerLoginTest"/>
  <system-out>
Login succesfully  </system-out>
</testsuite> <!-- com.project.testcases.BankManagerLoginTest -->
