<?xml version="1.0" encoding="UTF-8"?>
<!-- Generated by org.testng.reporters.JUnitReportReporter -->
<testsuite skipped="0" hostname="DESKTOP-UL7HF35" name="com.project.testcases.AddCustomerTest" tests="4" failures="0" timestamp="2020-09-16T13:11:52 CDT" time="62.159" errors="0">
  <testcase name="addCustomerTest" time="15.427" classname="com.project.testcases.AddCustomerTest"/>
  <system-out>
Customer added succesfully  </system-out>
  <testcase name="addCustomerTest" time="15.436" classname="com.project.testcases.AddCustomerTest"/>
  <system-out>
Customer added succesfully  </system-out>
  <testcase name="addCustomerTest" time="15.861" classname="com.project.testcases.AddCustomerTest"/>
  <system-out>
Customer added succesfully  </system-out>
  <testcase name="addCustomerTest" time="15.435" classname="com.project.testcases.AddCustomerTest"/>
  <system-out>
Customer added succesfully  </system-out>
</testsuite> <!-- com.project.testcases.AddCustomerTest -->
