<?xml version="1.0" encoding="UTF-8"?>
<!-- Generated by org.testng.reporters.JUnitReportReporter -->
<testsuite skipped="1" hostname="DESKTOP-UL7HF35" name="com.project.testcases.OpenAccountTest" tests="1" failures="0" timestamp="2020-09-16T13:11:52 CDT" time="0.000" errors="0">
  <testcase name="openAccountTest" time="0.000" classname="com.project.testcases.OpenAccountTest">
    <skipped/>
  </testcase> <!-- openAccountTest -->
  <system-out/>
</testsuite> <!-- com.project.testcases.OpenAccountTest -->
